<?xml version="1.0" encoding="UTF-8"?>
<!-- Generated by org.testng.reporters.JUnitXMLReporter -->
<testsuite hostname="sysone-Lenovo-B50-70" ignored="0" name="Compare the product value with the product value in the shopping cart" tests="1" failures="0" timestamp="2021-01-16T17:11:45 ART" time="76.338" errors="0">
  <testcase name="ShoppingCart" time="67.633" classname="com.project.pom.Test_US02_ShoppingCart.TestValueProductEqualToTheShoppingCart"/>
</testsuite> <!-- Compare the product value with the product value in the shopping cart -->
