<?xml version="1.0" encoding="UTF-8"?>
<!-- Generated by org.testng.reporters.JUnitXMLReporter -->
<testsuite hostname="sysone-Lenovo-B50-70" ignored="0" name="Compare the product value with the product value in the shopping cart" tests="1" failures="0" timestamp="2021-01-15T20:18:45 ART" time="24.612" errors="0">
  <testcase name="ShoppingCart" time="20.774" classname="com.project.pom.Test_US02_ShoppingCart.TestValueProductEqualToTheShoppingCart"/>
</testsuite> <!-- Compare the product value with the product value in the shopping cart -->
