<?xml version="1.0" encoding="UTF-8"?>
<!-- Generated by org.testng.reporters.JUnitXMLReporter -->
<testsuite hostname="sysone-Lenovo-B50-70" ignored="0" name="Compara Product Value with Product Value In Shopping Cart" tests="1" failures="0" timestamp="2021-01-15T19:44:40 ART" time="24.932" errors="0">
  <testcase name="ShoppingCart" time="21.387" classname="com.project.pom.Test_US02_ShoppingCart.TestValueProductEqualToTheShoppingCart"/>
</testsuite> <!-- Compara Product Value with Product Value In Shopping Cart -->
